<?xml version="1.0" encoding="UTF-8"?>
<!-- Generated by org.testng.reporters.JUnitReportReporter -->
<testsuite skipped="0" hostname="LAPTOP-EFQTUH64" name="org.seleniumhq.selenium.MavenJava.SeleniumTest" tests="4" failures="0" timestamp="2022-05-04T13:35:33 IST" time="0.005" errors="0">
  <testcase name="demo1" time="0.005" classname="org.seleniumhq.selenium.MavenJava.SeleniumTest"/>
  <system-out/>
  <testcase name="demo4" time="0.000" classname="org.seleniumhq.selenium.MavenJava.SeleniumTest"/>
  <system-out/>
  <testcase name="demo2" time="0.000" classname="org.seleniumhq.selenium.MavenJava.SeleniumTest"/>
  <system-out/>
  <testcase name="demo3" time="0.000" classname="org.seleniumhq.selenium.MavenJava.SeleniumTest"/>
  <system-out/>
</testsuite> <!-- org.seleniumhq.selenium.MavenJava.SeleniumTest -->
